{"/repos/linked-list/linkedList.js": {"path":"/repos/linked-list/linkedList.js","all":false,"statementMap":{"0":{"start":{"line":1,"column":0},"end":{"line":1,"column":30}},"1":{"start":{"line":2,"column":0},"end":{"line":2,"column":0}},"2":{"start":{"line":3,"column":0},"end":{"line":3,"column":18}},"3":{"start":{"line":4,"column":0},"end":{"line":4,"column":15}},"4":{"start":{"line":5,"column":0},"end":{"line":5,"column":15}},"5":{"start":{"line":6,"column":0},"end":{"line":6,"column":0}},"6":{"start":{"line":7,"column":0},"end":{"line":7,"column":18}},"7":{"start":{"line":8,"column":0},"end":{"line":8,"column":0}},"8":{"start":{"line":9,"column":0},"end":{"line":9,"column":17}},"9":{"start":{"line":10,"column":0},"end":{"line":10,"column":48}},"10":{"start":{"line":11,"column":0},"end":{"line":11,"column":22}},"11":{"start":{"line":12,"column":0},"end":{"line":12,"column":34}},"12":{"start":{"line":13,"column":0},"end":{"line":13,"column":12}},"13":{"start":{"line":14,"column":0},"end":{"line":14,"column":33}},"14":{"start":{"line":15,"column":0},"end":{"line":15,"column":5}},"15":{"start":{"line":16,"column":0},"end":{"line":16,"column":3}},"16":{"start":{"line":17,"column":0},"end":{"line":17,"column":18}},"17":{"start":{"line":18,"column":0},"end":{"line":18,"column":48}},"18":{"start":{"line":19,"column":0},"end":{"line":19,"column":22}},"19":{"start":{"line":20,"column":0},"end":{"line":20,"column":34}},"20":{"start":{"line":21,"column":0},"end":{"line":21,"column":12}},"21":{"start":{"line":22,"column":0},"end":{"line":22,"column":33}},"22":{"start":{"line":23,"column":0},"end":{"line":23,"column":5}},"23":{"start":{"line":24,"column":0},"end":{"line":24,"column":3}},"24":{"start":{"line":25,"column":0},"end":{"line":25,"column":26}},"25":{"start":{"line":26,"column":0},"end":{"line":26,"column":51}},"26":{"start":{"line":27,"column":0},"end":{"line":27,"column":52}},"27":{"start":{"line":28,"column":0},"end":{"line":28,"column":21}},"28":{"start":{"line":29,"column":0},"end":{"line":29,"column":29}},"29":{"start":{"line":30,"column":0},"end":{"line":30,"column":42}},"30":{"start":{"line":31,"column":0},"end":{"line":31,"column":31}},"31":{"start":{"line":32,"column":0},"end":{"line":32,"column":14}},"32":{"start":{"line":33,"column":0},"end":{"line":33,"column":7}},"33":{"start":{"line":34,"column":0},"end":{"line":34,"column":17}},"34":{"start":{"line":35,"column":0},"end":{"line":35,"column":34}},"35":{"start":{"line":36,"column":0},"end":{"line":36,"column":5}},"36":{"start":{"line":37,"column":0},"end":{"line":37,"column":48}},"37":{"start":{"line":38,"column":0},"end":{"line":38,"column":22}},"38":{"start":{"line":39,"column":0},"end":{"line":39,"column":34}},"39":{"start":{"line":40,"column":0},"end":{"line":40,"column":12}},"40":{"start":{"line":41,"column":0},"end":{"line":41,"column":35}},"41":{"start":{"line":42,"column":0},"end":{"line":42,"column":35}},"42":{"start":{"line":43,"column":0},"end":{"line":43,"column":42}},"43":{"start":{"line":44,"column":0},"end":{"line":44,"column":35}},"44":{"start":{"line":45,"column":0},"end":{"line":45,"column":14}},"45":{"start":{"line":46,"column":0},"end":{"line":46,"column":47}},"46":{"start":{"line":47,"column":0},"end":{"line":47,"column":7}},"47":{"start":{"line":48,"column":0},"end":{"line":48,"column":5}},"48":{"start":{"line":49,"column":0},"end":{"line":49,"column":3}},"49":{"start":{"line":50,"column":0},"end":{"line":50,"column":0}},"50":{"start":{"line":51,"column":0},"end":{"line":51,"column":9}},"51":{"start":{"line":52,"column":0},"end":{"line":52,"column":21}},"52":{"start":{"line":53,"column":0},"end":{"line":53,"column":29}},"53":{"start":{"line":54,"column":0},"end":{"line":54,"column":5}},"54":{"start":{"line":55,"column":0},"end":{"line":55,"column":3}},"55":{"start":{"line":56,"column":0},"end":{"line":56,"column":19}},"56":{"start":{"line":57,"column":0},"end":{"line":57,"column":21}},"57":{"start":{"line":58,"column":0},"end":{"line":58,"column":29}},"58":{"start":{"line":59,"column":0},"end":{"line":59,"column":21}},"59":{"start":{"line":60,"column":0},"end":{"line":60,"column":31}},"60":{"start":{"line":61,"column":0},"end":{"line":61,"column":37}},"61":{"start":{"line":62,"column":0},"end":{"line":62,"column":33}},"62":{"start":{"line":63,"column":0},"end":{"line":63,"column":17}},"63":{"start":{"line":64,"column":0},"end":{"line":64,"column":44}},"64":{"start":{"line":65,"column":0},"end":{"line":65,"column":33}},"65":{"start":{"line":66,"column":0},"end":{"line":66,"column":17}},"66":{"start":{"line":67,"column":0},"end":{"line":67,"column":16}},"67":{"start":{"line":68,"column":0},"end":{"line":68,"column":45}},"68":{"start":{"line":69,"column":0},"end":{"line":69,"column":17}},"69":{"start":{"line":70,"column":0},"end":{"line":70,"column":9}},"70":{"start":{"line":71,"column":0},"end":{"line":71,"column":7}},"71":{"start":{"line":72,"column":0},"end":{"line":72,"column":17}},"72":{"start":{"line":73,"column":0},"end":{"line":73,"column":34}},"73":{"start":{"line":74,"column":0},"end":{"line":74,"column":5}},"74":{"start":{"line":75,"column":0},"end":{"line":75,"column":3}},"75":{"start":{"line":76,"column":0},"end":{"line":76,"column":0}},"76":{"start":{"line":77,"column":0},"end":{"line":77,"column":13}},"77":{"start":{"line":78,"column":0},"end":{"line":78,"column":22}},"78":{"start":{"line":79,"column":0},"end":{"line":79,"column":3}},"79":{"start":{"line":80,"column":0},"end":{"line":80,"column":13}},"80":{"start":{"line":81,"column":0},"end":{"line":81,"column":22}},"81":{"start":{"line":82,"column":0},"end":{"line":82,"column":3}},"82":{"start":{"line":83,"column":0},"end":{"line":83,"column":19}},"83":{"start":{"line":84,"column":0},"end":{"line":84,"column":29}},"84":{"start":{"line":85,"column":0},"end":{"line":85,"column":21}},"85":{"start":{"line":86,"column":0},"end":{"line":86,"column":41}},"86":{"start":{"line":87,"column":0},"end":{"line":87,"column":20}},"87":{"start":{"line":88,"column":0},"end":{"line":88,"column":7}},"88":{"start":{"line":89,"column":0},"end":{"line":89,"column":34}},"89":{"start":{"line":90,"column":0},"end":{"line":90,"column":5}},"90":{"start":{"line":91,"column":0},"end":{"line":91,"column":17}},"91":{"start":{"line":92,"column":0},"end":{"line":92,"column":3}},"92":{"start":{"line":93,"column":0},"end":{"line":93,"column":25}},"93":{"start":{"line":94,"column":0},"end":{"line":94,"column":21}},"94":{"start":{"line":95,"column":0},"end":{"line":95,"column":29}},"95":{"start":{"line":96,"column":0},"end":{"line":96,"column":21}},"96":{"start":{"line":97,"column":0},"end":{"line":97,"column":31}},"97":{"start":{"line":98,"column":0},"end":{"line":98,"column":23}},"98":{"start":{"line":99,"column":0},"end":{"line":99,"column":7}},"99":{"start":{"line":100,"column":0},"end":{"line":100,"column":17}},"100":{"start":{"line":101,"column":0},"end":{"line":101,"column":34}},"101":{"start":{"line":102,"column":0},"end":{"line":102,"column":5}},"102":{"start":{"line":103,"column":0},"end":{"line":103,"column":16}},"103":{"start":{"line":104,"column":0},"end":{"line":104,"column":3}},"104":{"start":{"line":105,"column":0},"end":{"line":105,"column":25}},"105":{"start":{"line":106,"column":0},"end":{"line":106,"column":29}},"106":{"start":{"line":107,"column":0},"end":{"line":107,"column":21}},"107":{"start":{"line":108,"column":0},"end":{"line":108,"column":41}},"108":{"start":{"line":109,"column":0},"end":{"line":109,"column":23}},"109":{"start":{"line":110,"column":0},"end":{"line":110,"column":7}},"110":{"start":{"line":111,"column":0},"end":{"line":111,"column":34}},"111":{"start":{"line":112,"column":0},"end":{"line":112,"column":5}},"112":{"start":{"line":113,"column":0},"end":{"line":113,"column":16}},"113":{"start":{"line":114,"column":0},"end":{"line":114,"column":3}},"114":{"start":{"line":115,"column":0},"end":{"line":115,"column":13}},"115":{"start":{"line":116,"column":0},"end":{"line":116,"column":18}},"116":{"start":{"line":117,"column":0},"end":{"line":117,"column":29}},"117":{"start":{"line":118,"column":0},"end":{"line":118,"column":21}},"118":{"start":{"line":119,"column":0},"end":{"line":119,"column":14}},"119":{"start":{"line":120,"column":0},"end":{"line":120,"column":34}},"120":{"start":{"line":121,"column":0},"end":{"line":121,"column":5}},"121":{"start":{"line":122,"column":0},"end":{"line":122,"column":17}},"122":{"start":{"line":123,"column":0},"end":{"line":123,"column":3}},"123":{"start":{"line":124,"column":0},"end":{"line":124,"column":0}},"124":{"start":{"line":125,"column":0},"end":{"line":125,"column":14}},"125":{"start":{"line":126,"column":0},"end":{"line":126,"column":20}},"126":{"start":{"line":127,"column":0},"end":{"line":127,"column":29}},"127":{"start":{"line":128,"column":0},"end":{"line":128,"column":40}},"128":{"start":{"line":129,"column":0},"end":{"line":129,"column":21}},"129":{"start":{"line":130,"column":0},"end":{"line":130,"column":35}},"130":{"start":{"line":131,"column":0},"end":{"line":131,"column":30}},"131":{"start":{"line":132,"column":0},"end":{"line":132,"column":25}},"132":{"start":{"line":133,"column":0},"end":{"line":133,"column":7}},"133":{"start":{"line":134,"column":0},"end":{"line":134,"column":34}},"134":{"start":{"line":135,"column":0},"end":{"line":135,"column":5}},"135":{"start":{"line":136,"column":0},"end":{"line":136,"column":18}},"136":{"start":{"line":137,"column":0},"end":{"line":137,"column":3}},"137":{"start":{"line":138,"column":0},"end":{"line":138,"column":0}},"138":{"start":{"line":139,"column":0},"end":{"line":139,"column":23}},"139":{"start":{"line":140,"column":0},"end":{"line":140,"column":22}},"140":{"start":{"line":141,"column":0},"end":{"line":141,"column":22}},"141":{"start":{"line":142,"column":0},"end":{"line":142,"column":35}},"142":{"start":{"line":143,"column":0},"end":{"line":143,"column":35}},"143":{"start":{"line":144,"column":0},"end":{"line":144,"column":3}},"144":{"start":{"line":145,"column":0},"end":{"line":145,"column":22}},"145":{"start":{"line":146,"column":0},"end":{"line":146,"column":29}},"146":{"start":{"line":147,"column":0},"end":{"line":147,"column":29}},"147":{"start":{"line":148,"column":0},"end":{"line":148,"column":22}},"148":{"start":{"line":149,"column":0},"end":{"line":149,"column":3}},"149":{"start":{"line":150,"column":0},"end":{"line":150,"column":22}},"150":{"start":{"line":151,"column":0},"end":{"line":151,"column":29}},"151":{"start":{"line":152,"column":0},"end":{"line":152,"column":29}},"152":{"start":{"line":153,"column":0},"end":{"line":153,"column":22}},"153":{"start":{"line":154,"column":0},"end":{"line":154,"column":3}},"154":{"start":{"line":155,"column":0},"end":{"line":155,"column":36}},"155":{"start":{"line":156,"column":0},"end":{"line":156,"column":38}},"156":{"start":{"line":157,"column":0},"end":{"line":157,"column":28}},"157":{"start":{"line":158,"column":0},"end":{"line":158,"column":38}},"158":{"start":{"line":159,"column":0},"end":{"line":159,"column":28}},"159":{"start":{"line":160,"column":0},"end":{"line":160,"column":3}},"160":{"start":{"line":161,"column":0},"end":{"line":161,"column":21}},"161":{"start":{"line":162,"column":0},"end":{"line":162,"column":38}},"162":{"start":{"line":163,"column":0},"end":{"line":163,"column":29}},"163":{"start":{"line":164,"column":0},"end":{"line":164,"column":3}},"164":{"start":{"line":165,"column":0},"end":{"line":165,"column":21}},"165":{"start":{"line":166,"column":0},"end":{"line":166,"column":38}},"166":{"start":{"line":167,"column":0},"end":{"line":167,"column":29}},"167":{"start":{"line":168,"column":0},"end":{"line":168,"column":3}},"168":{"start":{"line":169,"column":0},"end":{"line":169,"column":30}},"169":{"start":{"line":170,"column":0},"end":{"line":170,"column":43}},"170":{"start":{"line":171,"column":0},"end":{"line":171,"column":39}},"171":{"start":{"line":172,"column":0},"end":{"line":172,"column":3}},"172":{"start":{"line":173,"column":0},"end":{"line":173,"column":1}},"173":{"start":{"line":174,"column":0},"end":{"line":174,"column":0}},"174":{"start":{"line":175,"column":0},"end":{"line":175,"column":22}}},"s":{"0":1,"1":1,"2":1,"3":1,"4":1,"5":1,"6":1,"7":1,"8":1,"9":3,"10":3,"11":0,"12":3,"13":3,"14":3,"15":3,"16":1,"17":2,"18":2,"19":1,"20":1,"21":1,"22":1,"23":2,"24":1,"25":1,"26":1,"27":1,"28":1,"29":1,"30":1,"31":0,"32":0,"33":1,"34":1,"35":1,"36":1,"37":1,"38":0,"39":1,"40":1,"41":0,"42":1,"43":1,"44":1,"45":0,"46":0,"47":1,"48":1,"49":1,"50":1,"51":1,"52":1,"53":1,"54":1,"55":1,"56":2,"57":2,"58":2,"59":5,"60":2,"61":1,"62":1,"63":1,"64":1,"65":1,"66":1,"67":0,"68":0,"69":0,"70":2,"71":3,"72":3,"73":3,"74":2,"75":1,"76":1,"77":0,"78":0,"79":1,"80":0,"81":0,"82":1,"83":6,"84":6,"85":15,"86":3,"87":3,"88":12,"89":12,"90":3,"91":6,"92":1,"93":2,"94":2,"95":2,"96":4,"97":2,"98":2,"99":2,"100":2,"101":2,"102":0,"103":2,"104":1,"105":1,"106":1,"107":1,"108":1,"109":1,"110":0,"111":0,"112":0,"113":1,"114":1,"115":2,"116":2,"117":2,"118":7,"119":7,"120":7,"121":2,"122":2,"123":1,"124":1,"125":1,"126":1,"127":1,"128":1,"129":3,"130":3,"131":2,"132":2,"133":3,"134":3,"135":1,"136":1,"137":1,"138":1,"139":1,"140":1,"141":1,"142":1,"143":1,"144":1,"145":1,"146":1,"147":1,"148":1,"149":1,"150":4,"151":4,"152":4,"153":4,"154":1,"155":0,"156":0,"157":0,"158":0,"159":0,"160":1,"161":1,"162":1,"163":1,"164":1,"165":2,"166":2,"167":2,"168":1,"169":0,"170":0,"171":0,"172":1,"173":1,"174":1},"branchMap":{"0":{"type":"branch","line":1,"loc":{"start":{"line":1,"column":0},"end":{"line":175,"column":22}},"locations":[{"start":{"line":1,"column":0},"end":{"line":175,"column":22}}]},"1":{"type":"branch","line":3,"loc":{"start":{"line":3,"column":0},"end":{"line":173,"column":1}},"locations":[{"start":{"line":3,"column":0},"end":{"line":173,"column":1}}]},"2":{"type":"branch","line":7,"loc":{"start":{"line":7,"column":2},"end":{"line":7,"column":18}},"locations":[{"start":{"line":7,"column":2},"end":{"line":7,"column":18}}]},"3":{"type":"branch","line":9,"loc":{"start":{"line":9,"column":2},"end":{"line":16,"column":3}},"locations":[{"start":{"line":9,"column":2},"end":{"line":16,"column":3}}]},"4":{"type":"branch","line":11,"loc":{"start":{"line":11,"column":21},"end":{"line":13,"column":5}},"locations":[{"start":{"line":11,"column":21},"end":{"line":13,"column":5}}]},"5":{"type":"branch","line":17,"loc":{"start":{"line":17,"column":2},"end":{"line":24,"column":3}},"locations":[{"start":{"line":17,"column":2},"end":{"line":24,"column":3}}]},"6":{"type":"branch","line":19,"loc":{"start":{"line":19,"column":21},"end":{"line":23,"column":5}},"locations":[{"start":{"line":19,"column":21},"end":{"line":23,"column":5}}]},"7":{"type":"branch","line":25,"loc":{"start":{"line":25,"column":2},"end":{"line":49,"column":3}},"locations":[{"start":{"line":25,"column":2},"end":{"line":49,"column":3}}]},"8":{"type":"branch","line":30,"loc":{"start":{"line":30,"column":19},"end":{"line":30,"column":39}},"locations":[{"start":{"line":30,"column":19},"end":{"line":30,"column":39}}]},"9":{"type":"branch","line":31,"loc":{"start":{"line":31,"column":30},"end":{"line":33,"column":7}},"locations":[{"start":{"line":31,"column":30},"end":{"line":33,"column":7}}]},"10":{"type":"branch","line":38,"loc":{"start":{"line":38,"column":21},"end":{"line":40,"column":5}},"locations":[{"start":{"line":38,"column":21},"end":{"line":40,"column":5}}]},"11":{"type":"branch","line":41,"loc":{"start":{"line":41,"column":34},"end":{"line":43,"column":7}},"locations":[{"start":{"line":41,"column":34},"end":{"line":43,"column":7}}]},"12":{"type":"branch","line":45,"loc":{"start":{"line":45,"column":7},"end":{"line":47,"column":7}},"locations":[{"start":{"line":45,"column":7},"end":{"line":47,"column":7}}]},"13":{"type":"branch","line":51,"loc":{"start":{"line":51,"column":2},"end":{"line":55,"column":3}},"locations":[{"start":{"line":51,"column":2},"end":{"line":55,"column":3}}]},"14":{"type":"branch","line":56,"loc":{"start":{"line":56,"column":2},"end":{"line":75,"column":3}},"locations":[{"start":{"line":56,"column":2},"end":{"line":75,"column":3}}]},"15":{"type":"branch","line":59,"loc":{"start":{"line":59,"column":20},"end":{"line":74,"column":5}},"locations":[{"start":{"line":59,"column":20},"end":{"line":74,"column":5}}]},"16":{"type":"branch","line":60,"loc":{"start":{"line":60,"column":30},"end":{"line":71,"column":7}},"locations":[{"start":{"line":60,"column":30},"end":{"line":71,"column":7}}]},"17":{"type":"branch","line":61,"loc":{"start":{"line":61,"column":36},"end":{"line":70,"column":9}},"locations":[{"start":{"line":61,"column":36},"end":{"line":70,"column":9}}]},"18":{"type":"branch","line":67,"loc":{"start":{"line":67,"column":9},"end":{"line":70,"column":9}},"locations":[{"start":{"line":67,"column":9},"end":{"line":70,"column":9}}]},"19":{"type":"branch","line":72,"loc":{"start":{"line":72,"column":-1},"end":{"line":74,"column":5}},"locations":[{"start":{"line":72,"column":-1},"end":{"line":74,"column":5}}]},"20":{"type":"branch","line":83,"loc":{"start":{"line":83,"column":2},"end":{"line":92,"column":3}},"locations":[{"start":{"line":83,"column":2},"end":{"line":92,"column":3}}]},"21":{"type":"branch","line":85,"loc":{"start":{"line":85,"column":20},"end":{"line":90,"column":5}},"locations":[{"start":{"line":85,"column":20},"end":{"line":90,"column":5}}]},"22":{"type":"branch","line":86,"loc":{"start":{"line":86,"column":40},"end":{"line":88,"column":7}},"locations":[{"start":{"line":86,"column":40},"end":{"line":88,"column":7}}]},"23":{"type":"branch","line":89,"loc":{"start":{"line":89,"column":-1},"end":{"line":90,"column":5}},"locations":[{"start":{"line":89,"column":-1},"end":{"line":90,"column":5}}]},"24":{"type":"branch","line":91,"loc":{"start":{"line":91,"column":-1},"end":{"line":92,"column":2}},"locations":[{"start":{"line":91,"column":-1},"end":{"line":92,"column":2}}]},"25":{"type":"branch","line":93,"loc":{"start":{"line":93,"column":2},"end":{"line":104,"column":3}},"locations":[{"start":{"line":93,"column":2},"end":{"line":104,"column":3}}]},"26":{"type":"branch","line":96,"loc":{"start":{"line":96,"column":20},"end":{"line":102,"column":5}},"locations":[{"start":{"line":96,"column":20},"end":{"line":102,"column":5}}]},"27":{"type":"branch","line":97,"loc":{"start":{"line":97,"column":30},"end":{"line":102,"column":5}},"locations":[{"start":{"line":97,"column":30},"end":{"line":102,"column":5}}]},"28":{"type":"branch","line":103,"loc":{"start":{"line":103,"column":-1},"end":{"line":104,"column":2}},"locations":[{"start":{"line":103,"column":-1},"end":{"line":104,"column":2}}]},"29":{"type":"branch","line":105,"loc":{"start":{"line":105,"column":2},"end":{"line":114,"column":3}},"locations":[{"start":{"line":105,"column":2},"end":{"line":114,"column":3}}]},"30":{"type":"branch","line":111,"loc":{"start":{"line":111,"column":-1},"end":{"line":114,"column":2}},"locations":[{"start":{"line":111,"column":-1},"end":{"line":114,"column":2}}]},"31":{"type":"branch","line":115,"loc":{"start":{"line":115,"column":2},"end":{"line":123,"column":3}},"locations":[{"start":{"line":115,"column":2},"end":{"line":123,"column":3}}]},"32":{"type":"branch","line":118,"loc":{"start":{"line":118,"column":20},"end":{"line":121,"column":5}},"locations":[{"start":{"line":118,"column":20},"end":{"line":121,"column":5}}]},"33":{"type":"branch","line":125,"loc":{"start":{"line":125,"column":2},"end":{"line":137,"column":3}},"locations":[{"start":{"line":125,"column":2},"end":{"line":137,"column":3}}]},"34":{"type":"branch","line":128,"loc":{"start":{"line":128,"column":18},"end":{"line":128,"column":40}},"locations":[{"start":{"line":128,"column":18},"end":{"line":128,"column":40}}]},"35":{"type":"branch","line":129,"loc":{"start":{"line":129,"column":20},"end":{"line":135,"column":5}},"locations":[{"start":{"line":129,"column":20},"end":{"line":135,"column":5}}]},"36":{"type":"branch","line":131,"loc":{"start":{"line":131,"column":29},"end":{"line":133,"column":7}},"locations":[{"start":{"line":131,"column":29},"end":{"line":133,"column":7}}]},"37":{"type":"branch","line":139,"loc":{"start":{"line":139,"column":2},"end":{"line":144,"column":3}},"locations":[{"start":{"line":139,"column":2},"end":{"line":144,"column":3}}]},"38":{"type":"branch","line":145,"loc":{"start":{"line":145,"column":2},"end":{"line":149,"column":3}},"locations":[{"start":{"line":145,"column":2},"end":{"line":149,"column":3}}]},"39":{"type":"branch","line":150,"loc":{"start":{"line":150,"column":2},"end":{"line":154,"column":3}},"locations":[{"start":{"line":150,"column":2},"end":{"line":154,"column":3}}]},"40":{"type":"branch","line":161,"loc":{"start":{"line":161,"column":2},"end":{"line":164,"column":3}},"locations":[{"start":{"line":161,"column":2},"end":{"line":164,"column":3}}]},"41":{"type":"branch","line":165,"loc":{"start":{"line":165,"column":2},"end":{"line":168,"column":3}},"locations":[{"start":{"line":165,"column":2},"end":{"line":168,"column":3}}]}},"b":{"0":[1],"1":[1],"2":[1],"3":[3],"4":[0],"5":[2],"6":[1],"7":[1],"8":[2],"9":[0],"10":[0],"11":[0],"12":[0],"13":[1],"14":[2],"15":[5],"16":[2],"17":[1],"18":[0],"19":[3],"20":[6],"21":[15],"22":[3],"23":[12],"24":[3],"25":[2],"26":[4],"27":[2],"28":[0],"29":[1],"30":[0],"31":[2],"32":[7],"33":[1],"34":[0],"35":[3],"36":[2],"37":[1],"38":[1],"39":[4],"40":[1],"41":[2]},"fnMap":{"0":{"name":"<instance_members_initializer>","decl":{"start":{"line":3,"column":0},"end":{"line":173,"column":1}},"loc":{"start":{"line":3,"column":0},"end":{"line":173,"column":1}},"line":3},"1":{"name":"LinkedList","decl":{"start":{"line":7,"column":2},"end":{"line":7,"column":18}},"loc":{"start":{"line":7,"column":2},"end":{"line":7,"column":18}},"line":7},"2":{"name":"append","decl":{"start":{"line":9,"column":2},"end":{"line":16,"column":3}},"loc":{"start":{"line":9,"column":2},"end":{"line":16,"column":3}},"line":9},"3":{"name":"prepend","decl":{"start":{"line":17,"column":2},"end":{"line":24,"column":3}},"loc":{"start":{"line":17,"column":2},"end":{"line":24,"column":3}},"line":17},"4":{"name":"insertAt","decl":{"start":{"line":25,"column":2},"end":{"line":49,"column":3}},"loc":{"start":{"line":25,"column":2},"end":{"line":49,"column":3}},"line":25},"5":{"name":"pop","decl":{"start":{"line":51,"column":2},"end":{"line":55,"column":3}},"loc":{"start":{"line":51,"column":2},"end":{"line":55,"column":3}},"line":51},"6":{"name":"removeAt","decl":{"start":{"line":56,"column":2},"end":{"line":75,"column":3}},"loc":{"start":{"line":56,"column":2},"end":{"line":75,"column":3}},"line":56},"7":{"name":"getHead","decl":{"start":{"line":77,"column":2},"end":{"line":79,"column":3}},"loc":{"start":{"line":77,"column":2},"end":{"line":79,"column":3}},"line":77},"8":{"name":"getTail","decl":{"start":{"line":80,"column":2},"end":{"line":82,"column":3}},"loc":{"start":{"line":80,"column":2},"end":{"line":82,"column":3}},"line":80},"9":{"name":"contains","decl":{"start":{"line":83,"column":2},"end":{"line":92,"column":3}},"loc":{"start":{"line":83,"column":2},"end":{"line":92,"column":3}},"line":83},"10":{"name":"getItemByIndex","decl":{"start":{"line":93,"column":2},"end":{"line":104,"column":3}},"loc":{"start":{"line":93,"column":2},"end":{"line":104,"column":3}},"line":93},"11":{"name":"getItemByValue","decl":{"start":{"line":105,"column":2},"end":{"line":114,"column":3}},"loc":{"start":{"line":105,"column":2},"end":{"line":114,"column":3}},"line":105},"12":{"name":"getSize","decl":{"start":{"line":115,"column":2},"end":{"line":123,"column":3}},"loc":{"start":{"line":115,"column":2},"end":{"line":123,"column":3}},"line":115},"13":{"name":"toString","decl":{"start":{"line":125,"column":2},"end":{"line":137,"column":3}},"loc":{"start":{"line":125,"column":2},"end":{"line":137,"column":3}},"line":125},"14":{"name":"#setFirstNode","decl":{"start":{"line":139,"column":2},"end":{"line":144,"column":3}},"loc":{"start":{"line":139,"column":2},"end":{"line":144,"column":3}},"line":139},"15":{"name":"#setHeadNode","decl":{"start":{"line":145,"column":2},"end":{"line":149,"column":3}},"loc":{"start":{"line":145,"column":2},"end":{"line":149,"column":3}},"line":145},"16":{"name":"#setTailNode","decl":{"start":{"line":150,"column":2},"end":{"line":154,"column":3}},"loc":{"start":{"line":150,"column":2},"end":{"line":154,"column":3}},"line":150},"17":{"name":"insertNodeAfter","decl":{"start":{"line":155,"column":2},"end":{"line":160,"column":3}},"loc":{"start":{"line":155,"column":2},"end":{"line":160,"column":3}},"line":155},"18":{"name":"#removeHeadNode","decl":{"start":{"line":161,"column":2},"end":{"line":164,"column":3}},"loc":{"start":{"line":161,"column":2},"end":{"line":164,"column":3}},"line":161},"19":{"name":"#removeTailNode","decl":{"start":{"line":165,"column":2},"end":{"line":168,"column":3}},"loc":{"start":{"line":165,"column":2},"end":{"line":168,"column":3}},"line":165},"20":{"name":"removeSorroundedNode","decl":{"start":{"line":169,"column":2},"end":{"line":172,"column":3}},"loc":{"start":{"line":169,"column":2},"end":{"line":172,"column":3}},"line":169}},"f":{"0":1,"1":1,"2":3,"3":2,"4":1,"5":1,"6":2,"7":0,"8":0,"9":6,"10":2,"11":1,"12":2,"13":1,"14":1,"15":1,"16":4,"17":0,"18":1,"19":2,"20":0}}
,"/repos/linked-list/node.js": {"path":"/repos/linked-list/node.js","all":false,"statementMap":{"0":{"start":{"line":1,"column":0},"end":{"line":1,"column":12}},"1":{"start":{"line":2,"column":0},"end":{"line":2,"column":9}},"2":{"start":{"line":3,"column":0},"end":{"line":3,"column":8}},"3":{"start":{"line":4,"column":0},"end":{"line":4,"column":8}},"4":{"start":{"line":5,"column":0},"end":{"line":5,"column":55}},"5":{"start":{"line":6,"column":0},"end":{"line":6,"column":24}},"6":{"start":{"line":7,"column":0},"end":{"line":7,"column":22}},"7":{"start":{"line":8,"column":0},"end":{"line":8,"column":22}},"8":{"start":{"line":9,"column":0},"end":{"line":9,"column":3}},"9":{"start":{"line":10,"column":0},"end":{"line":10,"column":19}},"10":{"start":{"line":11,"column":0},"end":{"line":11,"column":24}},"11":{"start":{"line":12,"column":0},"end":{"line":12,"column":3}},"12":{"start":{"line":13,"column":0},"end":{"line":13,"column":17}},"13":{"start":{"line":14,"column":0},"end":{"line":14,"column":22}},"14":{"start":{"line":15,"column":0},"end":{"line":15,"column":3}},"15":{"start":{"line":16,"column":0},"end":{"line":16,"column":17}},"16":{"start":{"line":17,"column":0},"end":{"line":17,"column":22}},"17":{"start":{"line":18,"column":0},"end":{"line":18,"column":3}},"18":{"start":{"line":19,"column":0},"end":{"line":19,"column":31}},"19":{"start":{"line":20,"column":0},"end":{"line":20,"column":29}},"20":{"start":{"line":21,"column":0},"end":{"line":21,"column":29}},"21":{"start":{"line":22,"column":0},"end":{"line":22,"column":1}},"22":{"start":{"line":23,"column":0},"end":{"line":23,"column":0}},"23":{"start":{"line":24,"column":0},"end":{"line":24,"column":16}}},"s":{"0":6,"1":6,"2":6,"3":6,"4":6,"5":6,"6":6,"7":6,"8":6,"9":6,"10":0,"11":0,"12":6,"13":8,"14":8,"15":6,"16":7,"17":7,"18":6,"19":6,"20":6,"21":6,"22":1,"23":1},"branchMap":{"0":{"type":"branch","line":1,"loc":{"start":{"line":1,"column":0},"end":{"line":24,"column":16}},"locations":[{"start":{"line":1,"column":0},"end":{"line":24,"column":16}}]},"1":{"type":"branch","line":1,"loc":{"start":{"line":1,"column":0},"end":{"line":22,"column":1}},"locations":[{"start":{"line":1,"column":0},"end":{"line":22,"column":1}}]},"2":{"type":"branch","line":5,"loc":{"start":{"line":5,"column":2},"end":{"line":9,"column":3}},"locations":[{"start":{"line":5,"column":2},"end":{"line":9,"column":3}}]},"3":{"type":"branch","line":13,"loc":{"start":{"line":13,"column":2},"end":{"line":15,"column":3}},"locations":[{"start":{"line":13,"column":2},"end":{"line":15,"column":3}}]},"4":{"type":"branch","line":16,"loc":{"start":{"line":16,"column":2},"end":{"line":18,"column":3}},"locations":[{"start":{"line":16,"column":2},"end":{"line":18,"column":3}}]},"5":{"type":"branch","line":19,"loc":{"start":{"line":19,"column":13},"end":{"line":19,"column":30}},"locations":[{"start":{"line":19,"column":13},"end":{"line":19,"column":30}}]},"6":{"type":"branch","line":20,"loc":{"start":{"line":20,"column":12},"end":{"line":20,"column":28}},"locations":[{"start":{"line":20,"column":12},"end":{"line":20,"column":28}}]},"7":{"type":"branch","line":21,"loc":{"start":{"line":21,"column":12},"end":{"line":21,"column":28}},"locations":[{"start":{"line":21,"column":12},"end":{"line":21,"column":28}}]}},"b":{"0":[1],"1":[6],"2":[6],"3":[8],"4":[7],"5":[20],"6":[34],"7":[2]},"fnMap":{"0":{"name":"<instance_members_initializer>","decl":{"start":{"line":1,"column":0},"end":{"line":22,"column":1}},"loc":{"start":{"line":1,"column":0},"end":{"line":22,"column":1}},"line":1},"1":{"name":"Node","decl":{"start":{"line":5,"column":2},"end":{"line":9,"column":3}},"loc":{"start":{"line":5,"column":2},"end":{"line":9,"column":3}},"line":5},"2":{"name":"setValue","decl":{"start":{"line":10,"column":2},"end":{"line":12,"column":3}},"loc":{"start":{"line":10,"column":2},"end":{"line":12,"column":3}},"line":10},"3":{"name":"setNext","decl":{"start":{"line":13,"column":2},"end":{"line":15,"column":3}},"loc":{"start":{"line":13,"column":2},"end":{"line":15,"column":3}},"line":13},"4":{"name":"setPrev","decl":{"start":{"line":16,"column":2},"end":{"line":18,"column":3}},"loc":{"start":{"line":16,"column":2},"end":{"line":18,"column":3}},"line":16},"5":{"name":"getValue","decl":{"start":{"line":19,"column":13},"end":{"line":19,"column":30}},"loc":{"start":{"line":19,"column":13},"end":{"line":19,"column":30}},"line":19},"6":{"name":"getNext","decl":{"start":{"line":20,"column":12},"end":{"line":20,"column":28}},"loc":{"start":{"line":20,"column":12},"end":{"line":20,"column":28}},"line":20},"7":{"name":"getPrev","decl":{"start":{"line":21,"column":12},"end":{"line":21,"column":28}},"loc":{"start":{"line":21,"column":12},"end":{"line":21,"column":28}},"line":21}},"f":{"0":6,"1":6,"2":0,"3":8,"4":7,"5":20,"6":34,"7":2}}
}
