TN:
SF:linkedList.js
FN:3,<instance_members_initializer>
FN:7,LinkedList
FN:9,append
FN:17,prepend
FN:25,insertAt
FN:51,pop
FN:56,removeAt
FN:77,getHead
FN:80,getTail
FN:83,contains
FN:93,getItemByIndex
FN:105,getItemByValue
FN:115,getSize
FN:125,toString
FN:139,#setFirstNode
FN:145,#setHeadNode
FN:150,#setTailNode
FN:155,insertNodeAfter
FN:161,#removeHeadNode
FN:165,#removeTailNode
FN:169,removeSorroundedNode
FNF:21
FNH:17
FNDA:1,<instance_members_initializer>
FNDA:1,LinkedList
FNDA:3,append
FNDA:2,prepend
FNDA:1,insertAt
FNDA:1,pop
FNDA:2,removeAt
FNDA:0,getHead
FNDA:0,getTail
FNDA:6,contains
FNDA:2,getItemByIndex
FNDA:1,getItemByValue
FNDA:2,getSize
FNDA:1,toString
FNDA:1,#setFirstNode
FNDA:1,#setHeadNode
FNDA:4,#setTailNode
FNDA:0,insertNodeAfter
FNDA:1,#removeHeadNode
FNDA:2,#removeTailNode
FNDA:0,removeSorroundedNode
DA:1,1
DA:2,1
DA:3,1
DA:4,1
DA:5,1
DA:6,1
DA:7,1
DA:8,1
DA:9,1
DA:10,3
DA:11,3
DA:12,0
DA:13,3
DA:14,3
DA:15,3
DA:16,3
DA:17,1
DA:18,2
DA:19,2
DA:20,1
DA:21,1
DA:22,1
DA:23,1
DA:24,2
DA:25,1
DA:26,1
DA:27,1
DA:28,1
DA:29,1
DA:30,1
DA:31,1
DA:32,0
DA:33,0
DA:34,1
DA:35,1
DA:36,1
DA:37,1
DA:38,1
DA:39,0
DA:40,1
DA:41,1
DA:42,0
DA:43,1
DA:44,1
DA:45,1
DA:46,0
DA:47,0
DA:48,1
DA:49,1
DA:50,1
DA:51,1
DA:52,1
DA:53,1
DA:54,1
DA:55,1
DA:56,1
DA:57,2
DA:58,2
DA:59,2
DA:60,5
DA:61,2
DA:62,1
DA:63,1
DA:64,1
DA:65,1
DA:66,1
DA:67,1
DA:68,0
DA:69,0
DA:70,0
DA:71,2
DA:72,3
DA:73,3
DA:74,3
DA:75,2
DA:76,1
DA:77,1
DA:78,0
DA:79,0
DA:80,1
DA:81,0
DA:82,0
DA:83,1
DA:84,6
DA:85,6
DA:86,15
DA:87,3
DA:88,3
DA:89,12
DA:90,12
DA:91,3
DA:92,6
DA:93,1
DA:94,2
DA:95,2
DA:96,2
DA:97,4
DA:98,2
DA:99,2
DA:100,2
DA:101,2
DA:102,2
DA:103,0
DA:104,2
DA:105,1
DA:106,1
DA:107,1
DA:108,1
DA:109,1
DA:110,1
DA:111,0
DA:112,0
DA:113,0
DA:114,1
DA:115,1
DA:116,2
DA:117,2
DA:118,2
DA:119,7
DA:120,7
DA:121,7
DA:122,2
DA:123,2
DA:124,1
DA:125,1
DA:126,1
DA:127,1
DA:128,1
DA:129,1
DA:130,3
DA:131,3
DA:132,2
DA:133,2
DA:134,3
DA:135,3
DA:136,1
DA:137,1
DA:138,1
DA:139,1
DA:140,1
DA:141,1
DA:142,1
DA:143,1
DA:144,1
DA:145,1
DA:146,1
DA:147,1
DA:148,1
DA:149,1
DA:150,1
DA:151,4
DA:152,4
DA:153,4
DA:154,4
DA:155,1
DA:156,0
DA:157,0
DA:158,0
DA:159,0
DA:160,0
DA:161,1
DA:162,1
DA:163,1
DA:164,1
DA:165,1
DA:166,2
DA:167,2
DA:168,2
DA:169,1
DA:170,0
DA:171,0
DA:172,0
DA:173,1
DA:174,1
DA:175,1
LF:175
LH:149
BRDA:1,0,0,1
BRDA:3,1,0,1
BRDA:7,2,0,1
BRDA:9,3,0,3
BRDA:11,4,0,0
BRDA:17,5,0,2
BRDA:19,6,0,1
BRDA:25,7,0,1
BRDA:30,8,0,2
BRDA:31,9,0,0
BRDA:38,10,0,0
BRDA:41,11,0,0
BRDA:45,12,0,0
BRDA:51,13,0,1
BRDA:56,14,0,2
BRDA:59,15,0,5
BRDA:60,16,0,2
BRDA:61,17,0,1
BRDA:67,18,0,0
BRDA:72,19,0,3
BRDA:83,20,0,6
BRDA:85,21,0,15
BRDA:86,22,0,3
BRDA:89,23,0,12
BRDA:91,24,0,3
BRDA:93,25,0,2
BRDA:96,26,0,4
BRDA:97,27,0,2
BRDA:103,28,0,0
BRDA:105,29,0,1
BRDA:111,30,0,0
BRDA:115,31,0,2
BRDA:118,32,0,7
BRDA:125,33,0,1
BRDA:128,34,0,0
BRDA:129,35,0,3
BRDA:131,36,0,2
BRDA:139,37,0,1
BRDA:145,38,0,1
BRDA:150,39,0,4
BRDA:161,40,0,1
BRDA:165,41,0,2
BRF:42
BRH:33
end_of_record
TN:
SF:node.js
FN:1,<instance_members_initializer>
FN:5,Node
FN:10,setValue
FN:13,setNext
FN:16,setPrev
FN:19,getValue
FN:20,getNext
FN:21,getPrev
FNF:8
FNH:7
FNDA:6,<instance_members_initializer>
FNDA:6,Node
FNDA:0,setValue
FNDA:8,setNext
FNDA:7,setPrev
FNDA:20,getValue
FNDA:34,getNext
FNDA:2,getPrev
DA:1,6
DA:2,6
DA:3,6
DA:4,6
DA:5,6
DA:6,6
DA:7,6
DA:8,6
DA:9,6
DA:10,6
DA:11,0
DA:12,0
DA:13,6
DA:14,8
DA:15,8
DA:16,6
DA:17,7
DA:18,7
DA:19,6
DA:20,6
DA:21,6
DA:22,6
DA:23,1
DA:24,1
LF:24
LH:22
BRDA:1,0,0,1
BRDA:1,1,0,6
BRDA:5,2,0,6
BRDA:13,3,0,8
BRDA:16,4,0,7
BRDA:19,5,0,20
BRDA:20,6,0,34
BRDA:21,7,0,2
BRF:8
BRH:8
end_of_record
